<?xml version="1.0" encoding="UTF-8"?>
<testng-results ignored="0" total="3" passed="3" failed="0" skipped="0">
  <reporter-output>
  </reporter-output>
  <suite started-at="2019-07-15T08:38:46Z" name="Default suite" finished-at="2019-07-15T08:40:05Z" duration-ms="78248">
    <groups>
    </groups>
    <test started-at="2019-07-15T08:38:46Z" name="Default test" finished-at="2019-07-15T08:40:05Z" duration-ms="78248">
      <class name="appiumtestdemo.GoogleSearchTests">
        <test-method is-config="true" signature="setUp()[pri:0, instance:appiumtestdemo.GoogleSearchTests@1fb669c3]" started-at="2019-07-15T08:38:46Z" name="setUp" finished-at="2019-07-15T08:39:24Z" duration-ms="37747" status="PASS">
          <reporter-output>
          </reporter-output>
        </test-method> <!-- setUp -->
        <test-method is-config="true" signature="commonTestSetUp()[pri:0, instance:appiumtestdemo.GoogleSearchTests@1fb669c3]" started-at="2019-07-15T08:39:24Z" name="commonTestSetUp" finished-at="2019-07-15T08:39:24Z" duration-ms="8" status="PASS">
          <reporter-output>
          </reporter-output>
        </test-method> <!-- commonTestSetUp -->
        <test-method signature="googleTextSearch()[pri:1, instance:appiumtestdemo.GoogleSearchTests@1fb669c3]" started-at="2019-07-15T08:39:24Z" name="googleTextSearch" finished-at="2019-07-15T08:39:40Z" duration-ms="15407" status="PASS">
          <reporter-output>
          </reporter-output>
        </test-method> <!-- googleTextSearch -->
        <test-method is-config="true" signature="commonTestSetUp()[pri:0, instance:appiumtestdemo.GoogleSearchTests@1fb669c3]" started-at="2019-07-15T08:39:40Z" name="commonTestSetUp" finished-at="2019-07-15T08:39:40Z" duration-ms="1" status="PASS">
          <reporter-output>
          </reporter-output>
        </test-method> <!-- commonTestSetUp -->
        <test-method signature="googleNavigatetoImagesSearchList()[pri:2, instance:appiumtestdemo.GoogleSearchTests@1fb669c3]" started-at="2019-07-15T08:39:40Z" name="googleNavigatetoImagesSearchList" finished-at="2019-07-15T08:39:47Z" duration-ms="7281" status="PASS">
          <reporter-output>
          </reporter-output>
        </test-method> <!-- googleNavigatetoImagesSearchList -->
        <test-method is-config="true" signature="commonTestSetUp()[pri:0, instance:appiumtestdemo.GoogleSearchTests@1fb669c3]" started-at="2019-07-15T08:39:47Z" name="commonTestSetUp" finished-at="2019-07-15T08:39:47Z" duration-ms="4" status="PASS">
          <reporter-output>
          </reporter-output>
        </test-method> <!-- commonTestSetUp -->
        <test-method signature="navigatetoSearchResult()[pri:3, instance:appiumtestdemo.GoogleSearchTests@1fb669c3]" started-at="2019-07-15T08:39:47Z" name="navigatetoSearchResult" finished-at="2019-07-15T08:40:04Z" duration-ms="17246" status="PASS">
          <reporter-output>
          </reporter-output>
        </test-method> <!-- navigatetoSearchResult -->
        <test-method is-config="true" signature="closeDriver()[pri:0, instance:appiumtestdemo.GoogleSearchTests@1fb669c3]" started-at="2019-07-15T08:40:04Z" name="closeDriver" finished-at="2019-07-15T08:40:05Z" duration-ms="483" status="PASS">
          <reporter-output>
          </reporter-output>
        </test-method> <!-- closeDriver -->
      </class> <!-- appiumtestdemo.GoogleSearchTests -->
    </test> <!-- Default test -->
  </suite> <!-- Default suite -->
</testng-results>
