<?xml version="1.0" encoding="UTF-8"?>
<!-- Generated by org.testng.reporters.JUnitXMLReporter -->
<testsuite ignored="0" hostname="Piyadasa-PC" failures="0" tests="3" name="Default test" time="78.248" errors="0" timestamp="15 Jul 2019 08:40:05 GMT">
  <testcase classname="appiumtestdemo.GoogleSearchTests" name="googleTextSearch" time="15.407"/>
  <testcase classname="appiumtestdemo.GoogleSearchTests" name="googleNavigatetoImagesSearchList" time="7.281"/>
  <testcase classname="appiumtestdemo.GoogleSearchTests" name="navigatetoSearchResult" time="17.246"/>
</testsuite> <!-- Default test -->
